<?xml version="1.0" encoding="UTF-8"?>
<!-- Generated by org.testng.reporters.JUnitXMLReporter -->
<testsuite hostname="DESKTOP-MBOM5AJ" name="Test" tests="41" failures="2" timestamp="11 Dec 2018 13:49:34 GMT" time="6926.577" errors="0">
  <testcase name="fnp_Anniversary002" time="20.711" classname="testsuite.Anniversary_Suite"/>
  <testcase name="fnp_Anniversary_003" time="35.609" classname="testsuite.Anniversary_Suite"/>
  <testcase name="fnp_Anniversary_004" time="39.554" classname="testsuite.Anniversary_Suite"/>
  <testcase name="fnp_Anniversary_005" time="36.996" classname="testsuite.Anniversary_Suite"/>
  <testcase name="fnp_Anniversary_006" time="122.452" classname="testsuite.Anniversary_Suite"/>
  <testcase name="fnp_Anniversary_007" time="123.113" classname="testsuite.Anniversary_Suite"/>
  <testcase name="fnp_Anniversary_008" time="104.389" classname="testsuite.Anniversary_Suite"/>
  <testcase name="fnp_Anniversary_009" time="75.481" classname="testsuite.Anniversary_Suite"/>
  <testcase name="fnp_Anniversary_010" time="81.477" classname="testsuite.Anniversary_Suite"/>
  <testcase name="fnp_Anniversary_011" time="36.53" classname="testsuite.Anniversary_Suite"/>
  <testcase name="fnp_Anniversary_012" time="117.706" classname="testsuite.Anniversary_Suite"/>
  <testcase name="fnp_Anniversary_013" time="45.985" classname="testsuite.Anniversary_Suite"/>
  <testcase name="fnp_Anniversary_014" time="112.641" classname="testsuite.Anniversary_Suite"/>
  <testcase name="fnp_Anniversary_015" time="121.674" classname="testsuite.Anniversary_Suite"/>
  <testcase name="fnp_Anniversary_016" time="171.025" classname="testsuite.Anniversary_Suite"/>
  <testcase name="fnp_Anniversary_017" time="129.314" classname="testsuite.Anniversary_Suite"/>
  <testcase name="fnp_Anniversary_018" time="163.955" classname="testsuite.Anniversary_Suite"/>
  <testcase name="fnp_Anniversary_019" time="220.422" classname="testsuite.Anniversary_Suite"/>
  <testcase name="fnp_Anniversary_020" time="171.646" classname="testsuite.Anniversary_Suite"/>
  <testcase name="fnp_Anniversary_021" time="194.752" classname="testsuite.Anniversary_Suite"/>
  <testcase name="fnp_Anniversary_022" time="197.109" classname="testsuite.Anniversary_Suite"/>
  <testcase name="fnp_Anniversary_023" time="168.382" classname="testsuite.Anniversary_Suite"/>
  <testcase name="fnp_Anniversary_024" time="191.487" classname="testsuite.Anniversary_Suite"/>
  <testcase name="fnp_Anniversary_025" time="195.956" classname="testsuite.Anniversary_Suite"/>
  <testcase name="fnp_Anniversary_026" time="195.935" classname="testsuite.Anniversary_Suite"/>
  <testcase name="fnp_Anniversary_027" time="198.093" classname="testsuite.Anniversary_Suite"/>
  <testcase name="fnp_Anniversary_028" time="223.376" classname="testsuite.Anniversary_Suite"/>
  <testcase name="fnp_Anniversary_029" time="180.322" classname="testsuite.Anniversary_Suite"/>
  <testcase name="fnp_Anniversary_030" time="170.386" classname="testsuite.Anniversary_Suite"/>
  <testcase name="fnp_Anniversary_031" time="174.108" classname="testsuite.Anniversary_Suite"/>
  <testcase name="fnp_Anniversary_032" time="194.33" classname="testsuite.Anniversary_Suite"/>
  <testcase name="fnp_Anniversary_033" time="196.587" classname="testsuite.Anniversary_Suite"/>
  <testcase name="fnp_Anniversary_034" time="211.16" classname="testsuite.Anniversary_Suite"/>
  <testcase name="fnp_Anniversary_035" time="212.54" classname="testsuite.Anniversary_Suite"/>
  <testcase name="fnp_Anniversary_036" time="231.9" classname="testsuite.Anniversary_Suite"/>
  <testcase name="fnp_Anniversary_037" time="249.598" classname="testsuite.Anniversary_Suite"/>
  <testcase name="fnp_Anniversary_038" time="247.905" classname="testsuite.Anniversary_Suite"/>
  <testcase name="fnp_Anniversary_039" time="249.73" classname="testsuite.Anniversary_Suite"/>
  <testcase name="fnp_Anniversary_040" time="295.957" classname="testsuite.Anniversary_Suite">
    <failure type="org.openqa.selenium.TimeoutException" message="Expected condition failed: waiting for visibility of [[ChromeDriver: chrome on XP (281d8030c52d07016cd6f4c4e915f790)] -&amp;gt; xpath: //input[@id=&amp;apos;loginPassword&amp;apos;]] (tried for 60 second(s) with 500 MILLISECONDS interval)
Build info: version: &amp;apos;3.6.0&amp;apos;, revision: &amp;apos;6fbf3ec767&amp;apos;, time: &amp;apos;2017-09-27T15:28:36.4Z&amp;apos;
System info: host: &amp;apos;DESKTOP-MBOM5AJ&amp;apos;, ip: &amp;apos;192.168.1.40&amp;apos;, os.name: &amp;apos;Windows 10&amp;apos;, os.arch: &amp;apos;amd64&amp;apos;, os.version: &amp;apos;10.0&amp;apos;, java.version: &amp;apos;1.8.0_191&amp;apos;
Driver info: org.openqa.selenium.chrome.ChromeDriver
Capabilities [{mobileEmulationEnabled=false, hasTouchScreen=false, platform=XP, acceptSslCerts=true, webStorageEnabled=true, browserName=chrome, takesScreenshot=true, javascriptEnabled=true, platformName=XP, setWindowRect=true, unexpectedAlertBehaviour=, applicationCacheEnabled=false, rotatable=false, networkConnectionEnabled=false, chrome={chromedriverVersion=2.34.522940 (1a76f96f66e3ca7b8e57d503b4dd3bccfba87af1), userDataDir=C:\Users\admin\AppData\Local\Temp\scoped_dir11692_23767}, takesHeapSnapshot=true, pageLoadStrategy=normal, unhandledPromptBehavior=, databaseEnabled=false, handlesAlerts=true, version=61.0.3163.100, browserConnectionEnabled=false, nativeEvents=true, locationContextEnabled=true, cssSelectorsEnabled=true}]
Session ID: 281d8030c52d07016cd6f4c4e915f790">
      <![CDATA[org.openqa.selenium.TimeoutException: Expected condition failed: waiting for visibility of [[ChromeDriver: chrome on XP (281d8030c52d07016cd6f4c4e915f790)] -> xpath: //input[@id='loginPassword']] (tried for 60 second(s) with 500 MILLISECONDS interval)
Build info: version: '3.6.0', revision: '6fbf3ec767', time: '2017-09-27T15:28:36.4Z'
System info: host: 'DESKTOP-MBOM5AJ', ip: '192.168.1.40', os.name: 'Windows 10', os.arch: 'amd64', os.version: '10.0', java.version: '1.8.0_191'
Driver info: org.openqa.selenium.chrome.ChromeDriver
Capabilities [{mobileEmulationEnabled=false, hasTouchScreen=false, platform=XP, acceptSslCerts=true, webStorageEnabled=true, browserName=chrome, takesScreenshot=true, javascriptEnabled=true, platformName=XP, setWindowRect=true, unexpectedAlertBehaviour=, applicationCacheEnabled=false, rotatable=false, networkConnectionEnabled=false, chrome={chromedriverVersion=2.34.522940 (1a76f96f66e3ca7b8e57d503b4dd3bccfba87af1), userDataDir=C:\Users\admin\AppData\Local\Temp\scoped_dir11692_23767}, takesHeapSnapshot=true, pageLoadStrategy=normal, unhandledPromptBehavior=, databaseEnabled=false, handlesAlerts=true, version=61.0.3163.100, browserConnectionEnabled=false, nativeEvents=true, locationContextEnabled=true, cssSelectorsEnabled=true}]
Session ID: 281d8030c52d07016cd6f4c4e915f790
	at org.openqa.selenium.support.ui.WebDriverWait.timeoutException(WebDriverWait.java:82)
	at org.openqa.selenium.support.ui.FluentWait.until(FluentWait.java:231)
	at implementations.ActionsImplementation.sendKeysLocator(ActionsImplementation.java:462)
	at steps.Anniversary_Steps.sendKeys_PasswordInProductDeliveryPage(Anniversary_Steps.java:381)
	at steps.Anniversary_Steps.fnp_Anniversary_040(Anniversary_Steps.java:910)
	at testsuite.Anniversary_Suite.fnp_Anniversary_040(Anniversary_Suite.java:964)
	at implementations.XMLRunner.main(XMLRunner.java:55)
... Removed 21 stack frames]]>
    </failure>
  </testcase> <!-- fnp_Anniversary_040 -->
  <testcase name="fnp_Anniversary_041" time="277.698" classname="testsuite.Anniversary_Suite"/>
  <testcase name="fnp_Anniversary_042" time="525.025" classname="testsuite.Anniversary_Suite">
    <failure type="org.openqa.selenium.TimeoutException" message="Expected condition failed: waiting for presence of element located by: By.xpath: //a[@data-ga-title=&amp;apos;Logo&amp;apos;] (tried for 60 second(s) with 500 MILLISECONDS interval)">
      <![CDATA[org.openqa.selenium.TimeoutException: Expected condition failed: waiting for presence of element located by: By.xpath: //a[@data-ga-title='Logo'] (tried for 60 second(s) with 500 MILLISECONDS interval)
	at org.openqa.selenium.support.ui.WebDriverWait.timeoutException(WebDriverWait.java:82)
	at org.openqa.selenium.support.ui.FluentWait.until(FluentWait.java:231)
	at implementations.ActionsImplementation.clickOnLocator(ActionsImplementation.java:148)
	at steps.Anniversary_Steps.clickOn_Fnp_Logo(Anniversary_Steps.java:79)
	at steps.Anniversary_Steps.reusableMethod(Anniversary_Steps.java:2408)
	at testsuite.Anniversary_Suite.fnp_Anniversary_042(Anniversary_Suite.java:1019)
	at implementations.XMLRunner.main(XMLRunner.java:55)
Caused by: org.openqa.selenium.NoSuchElementException: Cannot locate an element using By.xpath: //a[@data-ga-title='Logo']
For documentation on this error, please visit: http://seleniumhq.org/exceptions/no_such_element.html
Build info: version: '3.6.0', revision: '6fbf3ec767', time: '2017-09-27T15:28:36.4Z'
System info: host: 'DESKTOP-MBOM5AJ', ip: '192.168.1.40', os.name: 'Windows 10', os.arch: 'amd64', os.version: '10.0', java.version: '1.8.0_191'
Driver info: driver.version: unknown
	at org.openqa.selenium.support.ui.ExpectedConditions.lambda$findElement$0(ExpectedConditions.java:882)
	at java.util.Optional.orElseThrow(Unknown Source)
	at org.openqa.selenium.support.ui.ExpectedConditions.findElement(ExpectedConditions.java:881)
	at org.openqa.selenium.support.ui.ExpectedConditions.access$000(ExpectedConditions.java:43)
	at org.openqa.selenium.support.ui.ExpectedConditions$6.apply(ExpectedConditions.java:182)
	at org.openqa.selenium.support.ui.ExpectedConditions$6.apply(ExpectedConditions.java:179)
	at org.openqa.selenium.support.ui.FluentWait.until(FluentWait.java:208)
	... 26 more
... Removed 21 stack frames]]>
    </failure>
  </testcase> <!-- fnp_Anniversary_042 -->
</testsuite> <!-- Test -->
